<?xml version="1.0" encoding="UTF-8"?>
<testng-results skipped="0" failed="0" total="1" passed="1">
  <reporter-output>
  </reporter-output>
  <suite name="Default suite" duration-ms="12987" started-at="2017-12-16T12:32:23Z" finished-at="2017-12-16T12:32:36Z">
    <groups>
    </groups>
    <test name="Default test" duration-ms="12987" started-at="2017-12-16T12:32:23Z" finished-at="2017-12-16T12:32:36Z">
      <class name="testcases.LoginpageTest">
        <test-method status="PASS" signature="initialize()[pri:0, instance:testcases.LoginpageTest@523884b2]" name="initialize" is-config="true" duration-ms="12606" started-at="2017-12-16T18:02:23Z" finished-at="2017-12-16T18:02:36Z">
          <reporter-output>
          </reporter-output>
        </test-method> <!-- initialize -->
        <test-method status="PASS" signature="gettingcredentials()[pri:0, instance:testcases.LoginpageTest@523884b2]" name="gettingcredentials" duration-ms="362" started-at="2017-12-16T18:02:36Z" finished-at="2017-12-16T18:02:36Z">
          <reporter-output>
          </reporter-output>
        </test-method> <!-- gettingcredentials -->
      </class> <!-- testcases.LoginpageTest -->
    </test> <!-- Default test -->
  </suite> <!-- Default suite -->
</testng-results>
